# project  configured on Sat May 19 19:46:41 2018 by
# waf 1.7.11 (abi 98, python 2070ef0 on linux2)
# using /home/ianmoore/.pebble-sdk/SDKs/current/sdk-core/pebble/waf configure
#
----------------------------------------
Setting top to
/home/ianmoore/Code/lights.mcxa.org/pebble
----------------------------------------
Setting out to
/home/ianmoore/Code/lights.mcxa.org/pebble/build
----------------------------------------
Checking for program webpack
/home/ianmoore/.pebble-sdk/SDKs/current/node_modules/.bin/webpack
find program=['webpack'] paths=['/home/ianmoore/.pebble-sdk/SDKs/current/node_modules/.bin'] var='WEBPACK' -> '/home/ianmoore/.pebble-sdk/SDKs/current/node_modules/.bin/webpack'
----------------------------------------
Found Pebble SDK for diorite in:
/home/ianmoore/.pebble-sdk/SDKs/current/sdk-core/pebble/diorite
----------------------------------------
Checking for program gcc,cc
arm-none-eabi-gcc
find program=['gcc', 'cc'] paths='' var='CC' -> 'arm-none-eabi-gcc'
----------------------------------------
Checking for program ar
arm-none-eabi-ar
find program=['ar'] paths='' var='AR' -> 'arm-none-eabi-ar'
